# JRE version: Java(TM) SE Runtime Environment (8.0_11-b12) (build 1.8.0_11-b12)
# Java VM: Java HotSpot(TM) 64-Bit Server VM (25.11-b03 mixed mode windows-amd64 compressed oops)
Heap:
 PSYoungGen      total 285696K, used 137882K [0x00000000eab00000, 0x00000000ffb80000, 0x0000000100000000)
  eden space 226816K, 43% used [0x00000000eab00000,0x00000000f0c40b28,0x00000000f8880000)
  from space 58880K, 65% used [0x00000000fc200000,0x00000000fe766040,0x00000000ffb80000)
  to   space 58880K, 0% used [0x00000000f8880000,0x00000000f8880000,0x00000000fc200000)
 ParOldGen       total 148992K, used 125196K [0x00000000c0000000, 0x00000000c9180000, 0x00000000eab00000)
  object space 148992K, 84% used [0x00000000c0000000,0x00000000c7a43300,0x00000000c9180000)
 Metaspace       used 132692K, capacity 139452K, committed 139648K, reserved 1167360K
  class space    used 18536K, capacity 21029K, committed 21120K, reserved 1048576K
GC Heap History (10 events):
Event: 10359.895 GC heap before
{Heap before GC invocations=88 (full 17):
 PSYoungGen      total 267776K, used 233252K [0x00000000eab00000, 0x00000000fec80000, 0x0000000100000000)
  eden space 214016K, 86% used [0x00000000eab00000,0x00000000f5ee9308,0x00000000f7c00000)
  from space 53760K, 91% used [0x00000000fb400000,0x00000000fe3e00b0,0x00000000fe880000)
  to   space 57344K, 0% used [0x00000000f7c00000,0x00000000f7c00000,0x00000000fb400000)
 ParOldGen       total 148992K, used 124593K [0x00000000c0000000, 0x00000000c9180000, 0x00000000eab00000)
  object space 148992K, 83% used [0x00000000c0000000,0x00000000c79ac5e0,0x00000000c9180000)
 Metaspace       used 110804K, capacity 115642K, committed 115712K, reserved 1148928K
  class space    used 15329K, capacity 17105K, committed 17152K, reserved 1048576K
Event: 10359.990 GC heap after
Heap after GC invocations=88 (full 17):
 PSYoungGen      total 271360K, used 53517K [0x00000000eab00000, 0x00000000ff580000, 0x0000000100000000)
  eden space 214016K, 0% used [0x00000000eab00000,0x00000000eab00000,0x00000000f7c00000)
  from space 57344K, 93% used [0x00000000f7c00000,0x00000000fb043680,0x00000000fb400000)
  to   space 61952K, 0% used [0x00000000fb900000,0x00000000fb900000,0x00000000ff580000)
 ParOldGen       total 148992K, used 131108K [0x00000000c0000000, 0x00000000c9180000, 0x00000000eab00000)
  object space 148992K, 87% used [0x00000000c0000000,0x00000000c8009018,0x00000000c9180000)
 Metaspace       used 110804K, capacity 115642K, committed 115712K, reserved 1148928K
  class space    used 15329K, capacity 17105K, committed 17152K, reserved 1048576K
}
Event: 10359.990 GC heap before
{Heap before GC invocations=89 (full 18):
 PSYoungGen      total 271360K, used 53517K [0x00000000eab00000, 0x00000000ff580000, 0x0000000100000000)
  eden space 214016K, 0% used [0x00000000eab00000,0x00000000eab00000,0x00000000f7c00000)
  from space 57344K, 93% used [0x00000000f7c00000,0x00000000fb043680,0x00000000fb400000)
  to   space 61952K, 0% used [0x00000000fb900000,0x00000000fb900000,0x00000000ff580000)
 ParOldGen       total 148992K, used 131108K [0x00000000c0000000, 0x00000000c9180000, 0x00000000eab00000)
  object space 148992K, 87% used [0x00000000c0000000,0x00000000c8009018,0x00000000c9180000)
 Metaspace       used 110804K, capacity 115642K, committed 115712K, reserved 1148928K
  class space    used 15329K, capacity 17105K, committed 17152K, reserved 1048576K
Event: 10360.729 GC heap after
Heap after GC invocations=89 (full 18):
 PSYoungGen      total 271360K, used 0K [0x00000000eab00000, 0x00000000ff580000, 0x0000000100000000)
  eden space 214016K, 0% used [0x00000000eab00000,0x00000000eab00000,0x00000000f7c00000)
  from space 57344K, 0% used [0x00000000f7c00000,0x00000000f7c00000,0x00000000fb400000)
  to   space 61952K, 0% used [0x00000000fb900000,0x00000000fb900000,0x00000000ff580000)
 ParOldGen       total 148992K, used 125172K [0x00000000c0000000, 0x00000000c9180000, 0x00000000eab00000)
  object space 148992K, 84% used [0x00000000c0000000,0x00000000c7a3d300,0x00000000c9180000)
 Metaspace       used 110737K, capacity 115414K, committed 115712K, reserved 1148928K
  class space    used 15313K, capacity 17037K, committed 17152K, reserved 1048576K
}
Event: 10395.508 GC heap before
{Heap before GC invocations=90 (full 18):
 PSYoungGen      total 271360K, used 214016K [0x00000000eab00000, 0x00000000ff580000, 0x0000000100000000)
  eden space 214016K, 100% used [0x00000000eab00000,0x00000000f7c00000,0x00000000f7c00000)
  from space 57344K, 0% used [0x00000000f7c00000,0x00000000f7c00000,0x00000000fb400000)
  to   space 61952K, 0% used [0x00000000fb900000,0x00000000fb900000,0x00000000ff580000)
 ParOldGen       total 148992K, used 125172K [0x00000000c0000000, 0x00000000c9180000, 0x00000000eab00000)
  object space 148992K, 84% used [0x00000000c0000000,0x00000000c7a3d300,0x00000000c9180000)
 Metaspace       used 117644K, capacity 122998K, committed 123264K, reserved 1155072K
  class space    used 16314K, capacity 18289K, committed 18304K, reserved 1048576K
Event: 10395.540 GC heap after
Heap after GC invocations=90 (full 18):
 PSYoungGen      total 276480K, used 23416K [0x00000000eab00000, 0x0000000100000000, 0x0000000100000000)
  eden space 214528K, 0% used [0x00000000eab00000,0x00000000eab00000,0x00000000f7c80000)
  from space 61952K, 37% used [0x00000000fb900000,0x00000000fcfde120,0x00000000ff580000)
  to   space 61952K, 0% used [0x00000000f7c80000,0x00000000f7c80000,0x00000000fb900000)
 ParOldGen       total 148992K, used 125180K [0x00000000c0000000, 0x00000000c9180000, 0x00000000eab00000)
  object space 148992K, 84% used [0x00000000c0000000,0x00000000c7a3f300,0x00000000c9180000)
 Metaspace       used 117644K, capacity 122998K, committed 123264K, reserved 1155072K
  class space    used 16314K, capacity 18289K, committed 18304K, reserved 1048576K
}
Event: 10434.579 GC heap before
{Heap before GC invocations=91 (full 18):
 PSYoungGen      total 276480K, used 237944K [0x00000000eab00000, 0x0000000100000000, 0x0000000100000000)
  eden space 214528K, 100% used [0x00000000eab00000,0x00000000f7c80000,0x00000000f7c80000)
  from space 61952K, 37% used [0x00000000fb900000,0x00000000fcfde120,0x00000000ff580000)
  to   space 61952K, 0% used [0x00000000f7c80000,0x00000000f7c80000,0x00000000fb900000)
 ParOldGen       total 148992K, used 125180K [0x00000000c0000000, 0x00000000c9180000, 0x00000000eab00000)
  object space 148992K, 84% used [0x00000000c0000000,0x00000000c7a3f300,0x00000000c9180000)
 Metaspace       used 123570K, capacity 129552K, committed 129792K, reserved 1159168K
  class space    used 17194K, capacity 19413K, committed 19456K, reserved 1048576K
Event: 10434.617 GC heap after
Heap after GC invocations=91 (full 18):
 PSYoungGen      total 276480K, used 29153K [0x00000000eab00000, 0x00000000ffd00000, 0x0000000100000000)
  eden space 214528K, 0% used [0x00000000eab00000,0x00000000eab00000,0x00000000f7c80000)
  from space 61952K, 47% used [0x00000000f7c80000,0x00000000f98f8520,0x00000000fb900000)
  to   space 60416K, 0% used [0x00000000fc200000,0x00000000fc200000,0x00000000ffd00000)
 ParOldGen       total 148992K, used 125188K [0x00000000c0000000, 0x00000000c9180000, 0x00000000eab00000)
  object space 148992K, 84% used [0x00000000c0000000,0x00000000c7a41300,0x00000000c9180000)
 Metaspace       used 123570K, capacity 129552K, committed 129792K, reserved 1159168K
  class space    used 17194K, capacity 19413K, committed 19456K, reserved 1048576K
}
Event: 10552.881 GC heap before
{Heap before GC invocations=92 (full 18):
 PSYoungGen      total 276480K, used 243681K [0x00000000eab00000, 0x00000000ffd00000, 0x0000000100000000)
  eden space 214528K, 100% used [0x00000000eab00000,0x00000000f7c80000,0x00000000f7c80000)
  from space 61952K, 47% used [0x00000000f7c80000,0x00000000f98f8520,0x00000000fb900000)
  to   space 60416K, 0% used [0x00000000fc200000,0x00000000fc200000,0x00000000ffd00000)
 ParOldGen       total 148992K, used 125188K [0x00000000c0000000, 0x00000000c9180000, 0x00000000eab00000)
  object space 148992K, 84% used [0x00000000c0000000,0x00000000c7a41300,0x00000000c9180000)
 Metaspace       used 126772K, capacity 133220K, committed 133248K, reserved 1163264K
  class space    used 17687K, capacity 20069K, committed 20096K, reserved 1048576K
Event: 10552.938 GC heap after
Heap after GC invocations=92 (full 18):
 PSYoungGen      total 285696K, used 38296K [0x00000000eab00000, 0x00000000ffb80000, 0x0000000100000000)
  eden space 226816K, 0% used [0x00000000eab00000,0x00000000eab00000,0x00000000f8880000)
  from space 58880K, 65% used [0x00000000fc200000,0x00000000fe766040,0x00000000ffb80000)
  to   space 58880K, 0% used [0x00000000f8880000,0x00000000f8880000,0x00000000fc200000)
 ParOldGen       total 148992K, used 125196K [0x00000000c0000000, 0x00000000c9180000, 0x00000000eab00000)
  object space 148992K, 84% used [0x00000000c0000000,0x00000000c7a43300,0x00000000c9180000)
 Metaspace       used 126772K, capacity 133220K, committed 133248K, reserved 1163264K
  class space    used 17687K, capacity 20069K, committed 20096K, reserved 1048576K
}

